{"content": {"suites": {"0": {"status": {"total_pass": 1, "total_skip": 0, "total_xpass": 0, "total_xfail": 0, "total_rerun": 0, "total_fail": 0, "total_error": 0}, "tests": {"0": {"status": "PASS", "message": "", "test_name": "test_add_item_to_cart_randomly[Browser: chrome]", "rerun": "0"}}, "suite_name": "tests/test_add_item_to_cart.py"}, "1": {"suite_name": "tests/test_add_to_cart_and_check_out.py", "tests": {"0": {"status": "FAIL", "message": "   selenium.common.exceptions.NoSuchElementException: Message: no such element: Unable to locate element: {\"method\":\"xpath\",\"selector\":\"//input[@name='user-name']\"}\n     (Session info: chrome=131.0.6778.110); For documentation on this error, please visit: https://www.selenium.dev/documentation/webdriver/troubleshooting/errors#no-such-element-exception\n   Stacktrace:\n   0   chromedriver                        0x0000000110338e12 chromedriver + 6696466\n   1   chromedriver                        0x0000000110330c2a chromedriver + 6663210\n   2   chromedriver                        0x000000010fd38e3e chromedriver + 405054\n   3   chromedriver                        0x000000010fd89815 chromedriver + 735253\n   4   chromedriver                        0x000000010fd89d11 chromedriver + 736529\n   5   chromedriver                        0x000000010fdd4314 chromedriver + 1041172\n   6   chromedriver                        0x000000010fdae89d chromedriver + 886941\n   7   chromedriver                        0x000000010fdd13f4 chromedriver + 1029108\n   8   chromedriver                        0x000000010fdae613 chromedriver + 886291\n   9   chromedriver                        0x000000010fd7b950 chromedriver + 678224\n   10  chromedriver                        0x000000010fd7c34e chromedriver + 680782\n   11  chromedriver                        0x0000000110306700 chromedriver + 6489856\n   12  chromedriver                        0x00000001103091a9 chromedriver + 6500777\n   13  chromedriver                        0x0000000110308ccb chromedriver + 6499531\n   14  chromedriver                        0x0000000110309635 chromedriver + 6501941\n   15  chromedriver                        0x00000001102f14b4 chromedriver + 6403252\n   16  chromedriver                        0x000000011030991f chromedriver + 6502687\n   17  chromedriver                        0x00000001102e28e4 chromedriver + 6342884\n   18  chromedriver                        0x0000000110321308 chromedriver + 6599432\n   19  chromedriver                        0x00000001103214c5 chromedriver + 6599877\n   20  chromedriver                        0x00000001103307f8 chromedriver + 6662136\n   21  libsystem_pthread.dylib             0x00007ff80d274253 _pthread_start + 99\n   22  libsystem_pthread.dylib             0x00007ff80d26fbef thread_start + 15\n", "test_name": "test_add_item_to_cart_randomly[Browser: chrome]", "rerun": "0"}}, "status": {"total_pass": 0, "total_skip": 0, "total_xpass": 0, "total_xfail": 0, "total_rerun": 0, "total_fail": 1, "total_error": 0}}, "2": {"suite_name": "tests/test_homepage.py", "tests": {"0": {"status": "FAIL", "message": "   AssertionError: assert 'Swag Labs' != 'Swag Labs'\n", "test_name": "test_homepage[Browser: chrome]", "rerun": "0"}}, "status": {"total_pass": 0, "total_skip": 0, "total_xpass": 0, "total_xfail": 0, "total_rerun": 0, "total_fail": 1, "total_error": 0}}, "3": {"suite_name": "tests/test_add_item_to_cart.py", "tests": {"0": {"status": "PASS", "message": "", "test_name": "test_add_item_to_cart_randomly[Browser: firefox]", "rerun": "0"}}, "status": {"total_pass": 1, "total_skip": 0, "total_xpass": 0, "total_xfail": 0, "total_rerun": 0, "total_fail": 0, "total_error": 0}}, "4": {"suite_name": "tests/test_add_to_cart_and_check_out.py", "tests": {"0": {"status": "FAIL", "message": "   selenium.common.exceptions.NoSuchElementException: Message: Unable to locate element: //input[@name='user-name']; For documentation on this error, please visit: https://www.selenium.dev/documentation/webdriver/troubleshooting/errors#no-such-element-exception\n   Stacktrace:\n   WebDriverError@chrome://marionette/content/error.js:181:5\n   NoSuchElementError@chrome://marionette/content/error.js:393:5\n   element.find/</<@chrome://marionette/content/element.js:306:16\n", "test_name": "test_add_item_to_cart_randomly[Browser: firefox]", "rerun": "0"}}, "status": {"total_pass": 0, "total_skip": 0, "total_xpass": 0, "total_xfail": 0, "total_rerun": 0, "total_fail": 1, "total_error": 0}}, "5": {"suite_name": "tests/test_homepage.py", "tests": {"0": {"status": "FAIL", "message": "   AssertionError: assert 'Swag Labs' != 'Swag Labs'\n", "test_name": "test_homepage[Browser: firefox]", "rerun": "0"}}, "status": {"total_pass": 0, "total_skip": 0, "total_xpass": 0, "total_xfail": 0, "total_rerun": 0, "total_fail": 1, "total_error": 0}}}}, "date": "December 12, 2024", "start_time": 1733952611.022702, "total_suite": 6, "status": "FAIL", "status_list": {"pass": "2", "fail": "4", "skip": "0", "error": "0", "xpass": "0", "xfail": "0", "rerun": "0"}, "total_tests": "6"}