{"content": {"suites": {"0": {"status": {"total_pass": 1, "total_skip": 0, "total_xpass": 0, "total_xfail": 0, "total_rerun": 0, "total_fail": 0, "total_error": 0}, "tests": {"0": {"status": "PASS", "message": "", "test_name": "test_add_item_to_cart_randomly[chrome]", "rerun": "0"}}, "suite_name": "tests/test_add_item_to_cart.py"}, "1": {"suite_name": "tests/test_add_to_cart_and_check_out.py", "tests": {"0": {"status": "FAIL", "message": "   selenium.common.exceptions.NoSuchElementException: Message: no such element: Unable to locate element: {\"method\":\"xpath\",\"selector\":\"//input[@name='user-name']\"}\n     (Session info: chrome=131.0.6778.110); For documentation on this error, please visit: https://www.selenium.dev/documentation/webdriver/troubleshooting/errors#no-such-element-exception\n   Stacktrace:\n   0   chromedriver                        0x0000000100d64e12 chromedriver + 6696466\n   1   chromedriver                        0x0000000100d5cc2a chromedriver + 6663210\n   2   chromedriver                        0x0000000100764e3e chromedriver + 405054\n   3   chromedriver                        0x00000001007b5815 chromedriver + 735253\n   4   chromedriver                        0x00000001007b5d11 chromedriver + 736529\n   5   chromedriver                        0x0000000100800314 chromedriver + 1041172\n   6   chromedriver                        0x00000001007da89d chromedriver + 886941\n   7   chromedriver                        0x00000001007fd3f4 chromedriver + 1029108\n   8   chromedriver                        0x00000001007da613 chromedriver + 886291\n   9   chromedriver                        0x00000001007a7950 chromedriver + 678224\n   10  chromedriver                        0x00000001007a834e chromedriver + 680782\n   11  chromedriver                        0x0000000100d32700 chromedriver + 6489856\n   12  chromedriver                        0x0000000100d351a9 chromedriver + 6500777\n   13  chromedriver                        0x0000000100d34ccb chromedriver + 6499531\n   14  chromedriver                        0x0000000100d35635 chromedriver + 6501941\n   15  chromedriver                        0x0000000100d1d4b4 chromedriver + 6403252\n   16  chromedriver                        0x0000000100d3591f chromedriver + 6502687\n   17  chromedriver                        0x0000000100d0e8e4 chromedriver + 6342884\n   18  chromedriver                        0x0000000100d4d308 chromedriver + 6599432\n   19  chromedriver                        0x0000000100d4d4c5 chromedriver + 6599877\n   20  chromedriver                        0x0000000100d5c7f8 chromedriver + 6662136\n   21  libsystem_pthread.dylib             0x00007ff80d274253 _pthread_start + 99\n   22  libsystem_pthread.dylib             0x00007ff80d26fbef thread_start + 15\n", "test_name": "test_add_item_to_cart_randomly[chrome]", "rerun": "0"}}, "status": {"total_pass": 0, "total_skip": 0, "total_xpass": 0, "total_xfail": 0, "total_rerun": 0, "total_fail": 1, "total_error": 0}}, "2": {"suite_name": "tests/test_homepage.py", "tests": {"0": {"status": "PASS", "message": "", "test_name": "test_homepage[chrome]", "rerun": "0"}}, "status": {"total_pass": 1, "total_skip": 0, "total_xpass": 0, "total_xfail": 0, "total_rerun": 0, "total_fail": 0, "total_error": 0}}, "3": {"suite_name": "tests/test_add_item_to_cart.py", "tests": {"0": {"status": "PASS", "message": "", "test_name": "test_add_item_to_cart_randomly[firefox]", "rerun": "0"}}, "status": {"total_pass": 1, "total_skip": 0, "total_xpass": 0, "total_xfail": 0, "total_rerun": 0, "total_fail": 0, "total_error": 0}}, "4": {"suite_name": "tests/test_add_to_cart_and_check_out.py", "tests": {"0": {"status": "FAIL", "message": "   selenium.common.exceptions.NoSuchElementException: Message: Unable to locate element: //input[@name='user-name']; For documentation on this error, please visit: https://www.selenium.dev/documentation/webdriver/troubleshooting/errors#no-such-element-exception\n   Stacktrace:\n   WebDriverError@chrome://marionette/content/error.js:181:5\n   NoSuchElementError@chrome://marionette/content/error.js:393:5\n   element.find/</<@chrome://marionette/content/element.js:306:16\n", "test_name": "test_add_item_to_cart_randomly[firefox]", "rerun": "0"}}, "status": {"total_pass": 0, "total_skip": 0, "total_xpass": 0, "total_xfail": 0, "total_rerun": 0, "total_fail": 1, "total_error": 0}}, "5": {"suite_name": "tests/test_homepage.py", "tests": {"0": {"status": "PASS", "message": "", "test_name": "test_homepage[firefox]", "rerun": "0"}}, "status": {"total_pass": 1, "total_skip": 0, "total_xpass": 0, "total_xfail": 0, "total_rerun": 0, "total_fail": 0, "total_error": 0}}}}, "date": "December 11, 2024", "start_time": 1733911366.9364128, "total_suite": 6, "status": "FAIL", "status_list": {"pass": "4", "fail": "2", "skip": "0", "error": "0", "xpass": "0", "xfail": "0", "rerun": "0"}, "total_tests": "6"}